error: uncaughtException: Cannot convert undefined or null to object
TypeError: Cannot convert undefined or null to object
    at Function.keys (<anonymous>)
    at module.exports (C:\Users\RSGAMES-07\Desktop\pj\node_modules\dotenv-parse-variables\lib\index.js:24:28)
    at Object.<anonymous> (C:\Users\RSGAMES-07\Desktop\pj\build\config\settings.js:12:44)
    at Module._compile (node:internal/modules/cjs/loader:1254:14)
    at Module._extensions..js (node:internal/modules/cjs/loader:1308:10)
    at Module.load (node:internal/modules/cjs/loader:1117:32)
    at Module._load (node:internal/modules/cjs/loader:958:12)
    at Module.require (node:internal/modules/cjs/loader:1141:19)
    at require (node:internal/modules/cjs/helpers:110:18)
    at Object.<anonymous> (C:\Users\RSGAMES-07\Desktop\pj\build\index.js:17:20) {"date":"Wed Apr 19 2023 02:21:33 GMT+0800 (台北標準時間)","error":{},"exception":true,"os":{"loadavg":[0,0,0],"uptime":407529.515},"process":{"argv":["C:\\Program Files\\nodejs\\node.exe","C:\\Users\\RSGAMES-07\\Desktop\\pj\\build\\index"],"cwd":"C:\\Users\\RSGAMES-07\\Desktop\\pj","execPath":"C:\\Program Files\\nodejs\\node.exe","gid":null,"memoryUsage":{"arrayBuffers":197025,"external":971106,"heapTotal":20267008,"heapUsed":13828640,"rss":53075968},"pid":15412,"uid":null,"version":"v18.15.0"},"stack":"TypeError: Cannot convert undefined or null to object\n    at Function.keys (<anonymous>)\n    at module.exports (C:\\Users\\RSGAMES-07\\Desktop\\pj\\node_modules\\dotenv-parse-variables\\lib\\index.js:24:28)\n    at Object.<anonymous> (C:\\Users\\RSGAMES-07\\Desktop\\pj\\build\\config\\settings.js:12:44)\n    at Module._compile (node:internal/modules/cjs/loader:1254:14)\n    at Module._extensions..js (node:internal/modules/cjs/loader:1308:10)\n    at Module.load (node:internal/modules/cjs/loader:1117:32)\n    at Module._load (node:internal/modules/cjs/loader:958:12)\n    at Module.require (node:internal/modules/cjs/loader:1141:19)\n    at require (node:internal/modules/cjs/helpers:110:18)\n    at Object.<anonymous> (C:\\Users\\RSGAMES-07\\Desktop\\pj\\build\\index.js:17:20)","timestamp":"2023-04-18T18:21:33.108Z","trace":[{"column":null,"file":null,"function":"Function.keys","line":null,"method":"keys","native":false},{"column":28,"file":"C:\\Users\\RSGAMES-07\\Desktop\\pj\\node_modules\\dotenv-parse-variables\\lib\\index.js","function":"module.exports","line":24,"method":"exports","native":false},{"column":44,"file":"C:\\Users\\RSGAMES-07\\Desktop\\pj\\build\\config\\settings.js","function":null,"line":12,"method":null,"native":false},{"column":14,"file":"node:internal/modules/cjs/loader","function":"Module._compile","line":1254,"method":"_compile","native":false},{"column":10,"file":"node:internal/modules/cjs/loader","function":"Module._extensions..js","line":1308,"method":".js","native":false},{"column":32,"file":"node:internal/modules/cjs/loader","function":"Module.load","line":1117,"method":"load","native":false},{"column":12,"file":"node:internal/modules/cjs/loader","function":"Module._load","line":958,"method":"_load","native":false},{"column":19,"file":"node:internal/modules/cjs/loader","function":"Module.require","line":1141,"method":"require","native":false},{"column":18,"file":"node:internal/modules/cjs/helpers","function":"require","line":110,"method":null,"native":false},{"column":20,"file":"C:\\Users\\RSGAMES-07\\Desktop\\pj\\build\\index.js","function":null,"line":17,"method":null,"native":false}]}
error: uncaughtException: Cannot find module './config/settings'
Require stack:
- /Users/huangyiling/Github/cinek/pj-express/build/connection/mongoDB.js
- /Users/huangyiling/Github/cinek/pj-express/build/index.js
Error: Cannot find module './config/settings'
Require stack:
- /Users/huangyiling/Github/cinek/pj-express/build/connection/mongoDB.js
- /Users/huangyiling/Github/cinek/pj-express/build/index.js
    at Module._resolveFilename (node:internal/modules/cjs/loader:1090:15)
    at Module._resolveFilename (/Users/huangyiling/Github/cinek/pj-express/node_modules/module-alias/index.js:49:29)
    at Module._load (node:internal/modules/cjs/loader:934:27)
    at Module.require (node:internal/modules/cjs/loader:1157:19)
    at require (node:internal/modules/helpers:119:18)
    at Object.<anonymous> (/Users/huangyiling/Github/cinek/pj-express/build/connection/mongoDB.js:4:20)
    at Module._compile (node:internal/modules/cjs/loader:1275:14)
    at Module._extensions..js (node:internal/modules/cjs/loader:1329:10)
    at Module.load (node:internal/modules/cjs/loader:1133:32)
    at Module._load (node:internal/modules/cjs/loader:972:12) {"date":"Wed Apr 26 2023 00:02:16 GMT+0800 (Taipei Standard Time)","error":{"code":"MODULE_NOT_FOUND","requireStack":["/Users/huangyiling/Github/cinek/pj-express/build/connection/mongoDB.js","/Users/huangyiling/Github/cinek/pj-express/build/index.js"]},"exception":true,"os":{"loadavg":[7.72119140625,6.0625,6.2685546875],"uptime":1419276},"process":{"argv":["/Users/huangyiling/Github/cinek/pj-express/node_modules/node/bin/node","/Users/huangyiling/Github/cinek/pj-express/build/index"],"cwd":"/Users/huangyiling/Github/cinek/pj-express","execPath":"/Users/huangyiling/Github/cinek/pj-express/node_modules/node/bin/node","gid":20,"memoryUsage":{"arrayBuffers":18809682,"external":19951357,"heapTotal":36331520,"heapUsed":22944840,"rss":72278016},"pid":98958,"uid":501,"version":"v19.8.1"},"stack":"Error: Cannot find module './config/settings'\nRequire stack:\n- /Users/huangyiling/Github/cinek/pj-express/build/connection/mongoDB.js\n- /Users/huangyiling/Github/cinek/pj-express/build/index.js\n    at Module._resolveFilename (node:internal/modules/cjs/loader:1090:15)\n    at Module._resolveFilename (/Users/huangyiling/Github/cinek/pj-express/node_modules/module-alias/index.js:49:29)\n    at Module._load (node:internal/modules/cjs/loader:934:27)\n    at Module.require (node:internal/modules/cjs/loader:1157:19)\n    at require (node:internal/modules/helpers:119:18)\n    at Object.<anonymous> (/Users/huangyiling/Github/cinek/pj-express/build/connection/mongoDB.js:4:20)\n    at Module._compile (node:internal/modules/cjs/loader:1275:14)\n    at Module._extensions..js (node:internal/modules/cjs/loader:1329:10)\n    at Module.load (node:internal/modules/cjs/loader:1133:32)\n    at Module._load (node:internal/modules/cjs/loader:972:12)","timestamp":"2023-04-25T16:02:16.163Z","trace":[{"column":15,"file":"node:internal/modules/cjs/loader","function":"Module._resolveFilename","line":1090,"method":"_resolveFilename","native":false},{"column":29,"file":"/Users/huangyiling/Github/cinek/pj-express/node_modules/module-alias/index.js","function":"Module._resolveFilename","line":49,"method":"_resolveFilename","native":false},{"column":27,"file":"node:internal/modules/cjs/loader","function":"Module._load","line":934,"method":"_load","native":false},{"column":19,"file":"node:internal/modules/cjs/loader","function":"Module.require","line":1157,"method":"require","native":false},{"column":18,"file":"node:internal/modules/helpers","function":"require","line":119,"method":null,"native":false},{"column":20,"file":"/Users/huangyiling/Github/cinek/pj-express/build/connection/mongoDB.js","function":null,"line":4,"method":null,"native":false},{"column":14,"file":"node:internal/modules/cjs/loader","function":"Module._compile","line":1275,"method":"_compile","native":false},{"column":10,"file":"node:internal/modules/cjs/loader","function":"Module._extensions..js","line":1329,"method":".js","native":false},{"column":32,"file":"node:internal/modules/cjs/loader","function":"Module.load","line":1133,"method":"load","native":false},{"column":12,"file":"node:internal/modules/cjs/loader","function":"Module._load","line":972,"method":"_load","native":false}]}
error: uncaughtException: Cannot find module './config/settings'
Require stack:
- /Users/huangyiling/Github/cinek/pj-express/build/connection/mongoDB.js
- /Users/huangyiling/Github/cinek/pj-express/build/index.js
Error: Cannot find module './config/settings'
Require stack:
- /Users/huangyiling/Github/cinek/pj-express/build/connection/mongoDB.js
- /Users/huangyiling/Github/cinek/pj-express/build/index.js
    at Module._resolveFilename (node:internal/modules/cjs/loader:1090:15)
    at Module._resolveFilename (/Users/huangyiling/Github/cinek/pj-express/node_modules/module-alias/index.js:49:29)
    at Module._load (node:internal/modules/cjs/loader:934:27)
    at Module.require (node:internal/modules/cjs/loader:1157:19)
    at require (node:internal/modules/helpers:119:18)
    at Object.<anonymous> (/Users/huangyiling/Github/cinek/pj-express/build/connection/mongoDB.js:4:20)
    at Module._compile (node:internal/modules/cjs/loader:1275:14)
    at Module._extensions..js (node:internal/modules/cjs/loader:1329:10)
    at Module.load (node:internal/modules/cjs/loader:1133:32)
    at Module._load (node:internal/modules/cjs/loader:972:12) {"date":"Wed Apr 26 2023 00:02:37 GMT+0800 (Taipei Standard Time)","error":{"code":"MODULE_NOT_FOUND","requireStack":["/Users/huangyiling/Github/cinek/pj-express/build/connection/mongoDB.js","/Users/huangyiling/Github/cinek/pj-express/build/index.js"]},"exception":true,"os":{"loadavg":[6.62353515625,5.91259765625,6.208984375],"uptime":1419297},"process":{"argv":["/Users/huangyiling/Github/cinek/pj-express/node_modules/node/bin/node","/Users/huangyiling/Github/cinek/pj-express/build/index"],"cwd":"/Users/huangyiling/Github/cinek/pj-express","execPath":"/Users/huangyiling/Github/cinek/pj-express/node_modules/node/bin/node","gid":20,"memoryUsage":{"arrayBuffers":19333083,"external":20474758,"heapTotal":35282944,"heapUsed":25536672,"rss":76632064},"pid":99020,"uid":501,"version":"v19.8.1"},"stack":"Error: Cannot find module './config/settings'\nRequire stack:\n- /Users/huangyiling/Github/cinek/pj-express/build/connection/mongoDB.js\n- /Users/huangyiling/Github/cinek/pj-express/build/index.js\n    at Module._resolveFilename (node:internal/modules/cjs/loader:1090:15)\n    at Module._resolveFilename (/Users/huangyiling/Github/cinek/pj-express/node_modules/module-alias/index.js:49:29)\n    at Module._load (node:internal/modules/cjs/loader:934:27)\n    at Module.require (node:internal/modules/cjs/loader:1157:19)\n    at require (node:internal/modules/helpers:119:18)\n    at Object.<anonymous> (/Users/huangyiling/Github/cinek/pj-express/build/connection/mongoDB.js:4:20)\n    at Module._compile (node:internal/modules/cjs/loader:1275:14)\n    at Module._extensions..js (node:internal/modules/cjs/loader:1329:10)\n    at Module.load (node:internal/modules/cjs/loader:1133:32)\n    at Module._load (node:internal/modules/cjs/loader:972:12)","timestamp":"2023-04-25T16:02:37.149Z","trace":[{"column":15,"file":"node:internal/modules/cjs/loader","function":"Module._resolveFilename","line":1090,"method":"_resolveFilename","native":false},{"column":29,"file":"/Users/huangyiling/Github/cinek/pj-express/node_modules/module-alias/index.js","function":"Module._resolveFilename","line":49,"method":"_resolveFilename","native":false},{"column":27,"file":"node:internal/modules/cjs/loader","function":"Module._load","line":934,"method":"_load","native":false},{"column":19,"file":"node:internal/modules/cjs/loader","function":"Module.require","line":1157,"method":"require","native":false},{"column":18,"file":"node:internal/modules/helpers","function":"require","line":119,"method":null,"native":false},{"column":20,"file":"/Users/huangyiling/Github/cinek/pj-express/build/connection/mongoDB.js","function":null,"line":4,"method":null,"native":false},{"column":14,"file":"node:internal/modules/cjs/loader","function":"Module._compile","line":1275,"method":"_compile","native":false},{"column":10,"file":"node:internal/modules/cjs/loader","function":"Module._extensions..js","line":1329,"method":".js","native":false},{"column":32,"file":"node:internal/modules/cjs/loader","function":"Module.load","line":1133,"method":"load","native":false},{"column":12,"file":"node:internal/modules/cjs/loader","function":"Module._load","line":972,"method":"_load","native":false}]}
error: uncaughtException: Cannot find module './config/settings'
Require stack:
- /Users/huangyiling/Github/cinek/pj-express/build/connection/mongoDB.js
- /Users/huangyiling/Github/cinek/pj-express/build/index.js
Error: Cannot find module './config/settings'
Require stack:
- /Users/huangyiling/Github/cinek/pj-express/build/connection/mongoDB.js
- /Users/huangyiling/Github/cinek/pj-express/build/index.js
    at Module._resolveFilename (node:internal/modules/cjs/loader:1090:15)
    at Module._resolveFilename (/Users/huangyiling/Github/cinek/pj-express/node_modules/module-alias/index.js:49:29)
    at Module._load (node:internal/modules/cjs/loader:934:27)
    at Module.require (node:internal/modules/cjs/loader:1157:19)
    at require (node:internal/modules/helpers:119:18)
    at Object.<anonymous> (/Users/huangyiling/Github/cinek/pj-express/build/connection/mongoDB.js:4:20)
    at Module._compile (node:internal/modules/cjs/loader:1275:14)
    at Module._extensions..js (node:internal/modules/cjs/loader:1329:10)
    at Module.load (node:internal/modules/cjs/loader:1133:32)
    at Module._load (node:internal/modules/cjs/loader:972:12) {"date":"Wed Apr 26 2023 00:02:39 GMT+0800 (Taipei Standard Time)","error":{"code":"MODULE_NOT_FOUND","requireStack":["/Users/huangyiling/Github/cinek/pj-express/build/connection/mongoDB.js","/Users/huangyiling/Github/cinek/pj-express/build/index.js"]},"exception":true,"os":{"loadavg":[6.62353515625,5.91259765625,6.208984375],"uptime":1419299},"process":{"argv":["/Users/huangyiling/Github/cinek/pj-express/node_modules/node/bin/node","/Users/huangyiling/Github/cinek/pj-express/build/index"],"cwd":"/Users/huangyiling/Github/cinek/pj-express","execPath":"/Users/huangyiling/Github/cinek/pj-express/node_modules/node/bin/node","gid":20,"memoryUsage":{"arrayBuffers":18666243,"external":19807918,"heapTotal":36855808,"heapUsed":21955904,"rss":77897728},"pid":99064,"uid":501,"version":"v19.8.1"},"stack":"Error: Cannot find module './config/settings'\nRequire stack:\n- /Users/huangyiling/Github/cinek/pj-express/build/connection/mongoDB.js\n- /Users/huangyiling/Github/cinek/pj-express/build/index.js\n    at Module._resolveFilename (node:internal/modules/cjs/loader:1090:15)\n    at Module._resolveFilename (/Users/huangyiling/Github/cinek/pj-express/node_modules/module-alias/index.js:49:29)\n    at Module._load (node:internal/modules/cjs/loader:934:27)\n    at Module.require (node:internal/modules/cjs/loader:1157:19)\n    at require (node:internal/modules/helpers:119:18)\n    at Object.<anonymous> (/Users/huangyiling/Github/cinek/pj-express/build/connection/mongoDB.js:4:20)\n    at Module._compile (node:internal/modules/cjs/loader:1275:14)\n    at Module._extensions..js (node:internal/modules/cjs/loader:1329:10)\n    at Module.load (node:internal/modules/cjs/loader:1133:32)\n    at Module._load (node:internal/modules/cjs/loader:972:12)","timestamp":"2023-04-25T16:02:39.977Z","trace":[{"column":15,"file":"node:internal/modules/cjs/loader","function":"Module._resolveFilename","line":1090,"method":"_resolveFilename","native":false},{"column":29,"file":"/Users/huangyiling/Github/cinek/pj-express/node_modules/module-alias/index.js","function":"Module._resolveFilename","line":49,"method":"_resolveFilename","native":false},{"column":27,"file":"node:internal/modules/cjs/loader","function":"Module._load","line":934,"method":"_load","native":false},{"column":19,"file":"node:internal/modules/cjs/loader","function":"Module.require","line":1157,"method":"require","native":false},{"column":18,"file":"node:internal/modules/helpers","function":"require","line":119,"method":null,"native":false},{"column":20,"file":"/Users/huangyiling/Github/cinek/pj-express/build/connection/mongoDB.js","function":null,"line":4,"method":null,"native":false},{"column":14,"file":"node:internal/modules/cjs/loader","function":"Module._compile","line":1275,"method":"_compile","native":false},{"column":10,"file":"node:internal/modules/cjs/loader","function":"Module._extensions..js","line":1329,"method":".js","native":false},{"column":32,"file":"node:internal/modules/cjs/loader","function":"Module.load","line":1133,"method":"load","native":false},{"column":12,"file":"node:internal/modules/cjs/loader","function":"Module._load","line":972,"method":"_load","native":false}]}
error: uncaughtException: Cannot find module './config/settings'
Require stack:
- /Users/huangyiling/Github/cinek/pj-express/build/connection/mongoDB.js
- /Users/huangyiling/Github/cinek/pj-express/build/index.js
Error: Cannot find module './config/settings'
Require stack:
- /Users/huangyiling/Github/cinek/pj-express/build/connection/mongoDB.js
- /Users/huangyiling/Github/cinek/pj-express/build/index.js
    at Module._resolveFilename (node:internal/modules/cjs/loader:1090:15)
    at Module._resolveFilename (/Users/huangyiling/Github/cinek/pj-express/node_modules/module-alias/index.js:49:29)
    at Module._load (node:internal/modules/cjs/loader:934:27)
    at Module.require (node:internal/modules/cjs/loader:1157:19)
    at require (node:internal/modules/helpers:119:18)
    at Object.<anonymous> (/Users/huangyiling/Github/cinek/pj-express/build/connection/mongoDB.js:4:20)
    at Module._compile (node:internal/modules/cjs/loader:1275:14)
    at Module._extensions..js (node:internal/modules/cjs/loader:1329:10)
    at Module.load (node:internal/modules/cjs/loader:1133:32)
    at Module._load (node:internal/modules/cjs/loader:972:12) {"date":"Wed Apr 26 2023 00:02:41 GMT+0800 (Taipei Standard Time)","error":{"code":"MODULE_NOT_FOUND","requireStack":["/Users/huangyiling/Github/cinek/pj-express/build/connection/mongoDB.js","/Users/huangyiling/Github/cinek/pj-express/build/index.js"]},"exception":true,"os":{"loadavg":[6.7333984375,5.94677734375,6.21923828125],"uptime":1419301},"process":{"argv":["/Users/huangyiling/Github/cinek/pj-express/node_modules/node/bin/node","/Users/huangyiling/Github/cinek/pj-express/build/index"],"cwd":"/Users/huangyiling/Github/cinek/pj-express","execPath":"/Users/huangyiling/Github/cinek/pj-express/node_modules/node/bin/node","gid":20,"memoryUsage":{"arrayBuffers":18694558,"external":19836233,"heapTotal":36593664,"heapUsed":21953856,"rss":77594624},"pid":99103,"uid":501,"version":"v19.8.1"},"stack":"Error: Cannot find module './config/settings'\nRequire stack:\n- /Users/huangyiling/Github/cinek/pj-express/build/connection/mongoDB.js\n- /Users/huangyiling/Github/cinek/pj-express/build/index.js\n    at Module._resolveFilename (node:internal/modules/cjs/loader:1090:15)\n    at Module._resolveFilename (/Users/huangyiling/Github/cinek/pj-express/node_modules/module-alias/index.js:49:29)\n    at Module._load (node:internal/modules/cjs/loader:934:27)\n    at Module.require (node:internal/modules/cjs/loader:1157:19)\n    at require (node:internal/modules/helpers:119:18)\n    at Object.<anonymous> (/Users/huangyiling/Github/cinek/pj-express/build/connection/mongoDB.js:4:20)\n    at Module._compile (node:internal/modules/cjs/loader:1275:14)\n    at Module._extensions..js (node:internal/modules/cjs/loader:1329:10)\n    at Module.load (node:internal/modules/cjs/loader:1133:32)\n    at Module._load (node:internal/modules/cjs/loader:972:12)","timestamp":"2023-04-25T16:02:41.606Z","trace":[{"column":15,"file":"node:internal/modules/cjs/loader","function":"Module._resolveFilename","line":1090,"method":"_resolveFilename","native":false},{"column":29,"file":"/Users/huangyiling/Github/cinek/pj-express/node_modules/module-alias/index.js","function":"Module._resolveFilename","line":49,"method":"_resolveFilename","native":false},{"column":27,"file":"node:internal/modules/cjs/loader","function":"Module._load","line":934,"method":"_load","native":false},{"column":19,"file":"node:internal/modules/cjs/loader","function":"Module.require","line":1157,"method":"require","native":false},{"column":18,"file":"node:internal/modules/helpers","function":"require","line":119,"method":null,"native":false},{"column":20,"file":"/Users/huangyiling/Github/cinek/pj-express/build/connection/mongoDB.js","function":null,"line":4,"method":null,"native":false},{"column":14,"file":"node:internal/modules/cjs/loader","function":"Module._compile","line":1275,"method":"_compile","native":false},{"column":10,"file":"node:internal/modules/cjs/loader","function":"Module._extensions..js","line":1329,"method":".js","native":false},{"column":32,"file":"node:internal/modules/cjs/loader","function":"Module.load","line":1133,"method":"load","native":false},{"column":12,"file":"node:internal/modules/cjs/loader","function":"Module._load","line":972,"method":"_load","native":false}]}
error: uncaughtException: Cannot find module './config/settings'
Require stack:
- /Users/huangyiling/Github/cinek/pj-express/build/connection/mongoDB.js
- /Users/huangyiling/Github/cinek/pj-express/build/index.js
Error: Cannot find module './config/settings'
Require stack:
- /Users/huangyiling/Github/cinek/pj-express/build/connection/mongoDB.js
- /Users/huangyiling/Github/cinek/pj-express/build/index.js
    at Module._resolveFilename (node:internal/modules/cjs/loader:1090:15)
    at Module._resolveFilename (/Users/huangyiling/Github/cinek/pj-express/node_modules/module-alias/index.js:49:29)
    at Module._load (node:internal/modules/cjs/loader:934:27)
    at Module.require (node:internal/modules/cjs/loader:1157:19)
    at require (node:internal/modules/helpers:119:18)
    at Object.<anonymous> (/Users/huangyiling/Github/cinek/pj-express/build/connection/mongoDB.js:4:20)
    at Module._compile (node:internal/modules/cjs/loader:1275:14)
    at Module._extensions..js (node:internal/modules/cjs/loader:1329:10)
    at Module.load (node:internal/modules/cjs/loader:1133:32)
    at Module._load (node:internal/modules/cjs/loader:972:12) {"date":"Wed Apr 26 2023 00:02:50 GMT+0800 (Taipei Standard Time)","error":{"code":"MODULE_NOT_FOUND","requireStack":["/Users/huangyiling/Github/cinek/pj-express/build/connection/mongoDB.js","/Users/huangyiling/Github/cinek/pj-express/build/index.js"]},"exception":true,"os":{"loadavg":[7.07470703125,6.0302734375,6.2470703125],"uptime":1419310},"process":{"argv":["/Users/huangyiling/Github/cinek/pj-express/node_modules/node/bin/node","/Users/huangyiling/Github/cinek/pj-express/build/index"],"cwd":"/Users/huangyiling/Github/cinek/pj-express","execPath":"/Users/huangyiling/Github/cinek/pj-express/node_modules/node/bin/node","gid":20,"memoryUsage":{"arrayBuffers":18777857,"external":19919532,"heapTotal":36069376,"heapUsed":22767848,"rss":72527872},"pid":99190,"uid":501,"version":"v19.8.1"},"stack":"Error: Cannot find module './config/settings'\nRequire stack:\n- /Users/huangyiling/Github/cinek/pj-express/build/connection/mongoDB.js\n- /Users/huangyiling/Github/cinek/pj-express/build/index.js\n    at Module._resolveFilename (node:internal/modules/cjs/loader:1090:15)\n    at Module._resolveFilename (/Users/huangyiling/Github/cinek/pj-express/node_modules/module-alias/index.js:49:29)\n    at Module._load (node:internal/modules/cjs/loader:934:27)\n    at Module.require (node:internal/modules/cjs/loader:1157:19)\n    at require (node:internal/modules/helpers:119:18)\n    at Object.<anonymous> (/Users/huangyiling/Github/cinek/pj-express/build/connection/mongoDB.js:4:20)\n    at Module._compile (node:internal/modules/cjs/loader:1275:14)\n    at Module._extensions..js (node:internal/modules/cjs/loader:1329:10)\n    at Module.load (node:internal/modules/cjs/loader:1133:32)\n    at Module._load (node:internal/modules/cjs/loader:972:12)","timestamp":"2023-04-25T16:02:50.276Z","trace":[{"column":15,"file":"node:internal/modules/cjs/loader","function":"Module._resolveFilename","line":1090,"method":"_resolveFilename","native":false},{"column":29,"file":"/Users/huangyiling/Github/cinek/pj-express/node_modules/module-alias/index.js","function":"Module._resolveFilename","line":49,"method":"_resolveFilename","native":false},{"column":27,"file":"node:internal/modules/cjs/loader","function":"Module._load","line":934,"method":"_load","native":false},{"column":19,"file":"node:internal/modules/cjs/loader","function":"Module.require","line":1157,"method":"require","native":false},{"column":18,"file":"node:internal/modules/helpers","function":"require","line":119,"method":null,"native":false},{"column":20,"file":"/Users/huangyiling/Github/cinek/pj-express/build/connection/mongoDB.js","function":null,"line":4,"method":null,"native":false},{"column":14,"file":"node:internal/modules/cjs/loader","function":"Module._compile","line":1275,"method":"_compile","native":false},{"column":10,"file":"node:internal/modules/cjs/loader","function":"Module._extensions..js","line":1329,"method":".js","native":false},{"column":32,"file":"node:internal/modules/cjs/loader","function":"Module.load","line":1133,"method":"load","native":false},{"column":12,"file":"node:internal/modules/cjs/loader","function":"Module._load","line":972,"method":"_load","native":false}]}
error: uncaughtException: Cannot find module './config/settings'
Require stack:
- /Users/huangyiling/Github/cinek/pj-express/build/connection/mongoDB.js
- /Users/huangyiling/Github/cinek/pj-express/build/index.js
Error: Cannot find module './config/settings'
Require stack:
- /Users/huangyiling/Github/cinek/pj-express/build/connection/mongoDB.js
- /Users/huangyiling/Github/cinek/pj-express/build/index.js
    at Module._resolveFilename (node:internal/modules/cjs/loader:1090:15)
    at Module._resolveFilename (/Users/huangyiling/Github/cinek/pj-express/node_modules/module-alias/index.js:49:29)
    at Module._load (node:internal/modules/cjs/loader:934:27)
    at Module.require (node:internal/modules/cjs/loader:1157:19)
    at require (node:internal/modules/helpers:119:18)
    at Object.<anonymous> (/Users/huangyiling/Github/cinek/pj-express/build/connection/mongoDB.js:4:20)
    at Module._compile (node:internal/modules/cjs/loader:1275:14)
    at Module._extensions..js (node:internal/modules/cjs/loader:1329:10)
    at Module.load (node:internal/modules/cjs/loader:1133:32)
    at Module._load (node:internal/modules/cjs/loader:972:12) {"date":"Wed Apr 26 2023 00:02:52 GMT+0800 (Taipei Standard Time)","error":{"code":"MODULE_NOT_FOUND","requireStack":["/Users/huangyiling/Github/cinek/pj-express/build/connection/mongoDB.js","/Users/huangyiling/Github/cinek/pj-express/build/index.js"]},"exception":true,"os":{"loadavg":[6.828125,5.99609375,6.23388671875],"uptime":1419312},"process":{"argv":["/Users/huangyiling/Github/cinek/pj-express/node_modules/node/bin/node","/Users/huangyiling/Github/cinek/pj-express/build/index"],"cwd":"/Users/huangyiling/Github/cinek/pj-express","execPath":"/Users/huangyiling/Github/cinek/pj-express/node_modules/node/bin/node","gid":20,"memoryUsage":{"arrayBuffers":19324626,"external":20466301,"heapTotal":35545088,"heapUsed":25830216,"rss":76079104},"pid":99234,"uid":501,"version":"v19.8.1"},"stack":"Error: Cannot find module './config/settings'\nRequire stack:\n- /Users/huangyiling/Github/cinek/pj-express/build/connection/mongoDB.js\n- /Users/huangyiling/Github/cinek/pj-express/build/index.js\n    at Module._resolveFilename (node:internal/modules/cjs/loader:1090:15)\n    at Module._resolveFilename (/Users/huangyiling/Github/cinek/pj-express/node_modules/module-alias/index.js:49:29)\n    at Module._load (node:internal/modules/cjs/loader:934:27)\n    at Module.require (node:internal/modules/cjs/loader:1157:19)\n    at require (node:internal/modules/helpers:119:18)\n    at Object.<anonymous> (/Users/huangyiling/Github/cinek/pj-express/build/connection/mongoDB.js:4:20)\n    at Module._compile (node:internal/modules/cjs/loader:1275:14)\n    at Module._extensions..js (node:internal/modules/cjs/loader:1329:10)\n    at Module.load (node:internal/modules/cjs/loader:1133:32)\n    at Module._load (node:internal/modules/cjs/loader:972:12)","timestamp":"2023-04-25T16:02:52.631Z","trace":[{"column":15,"file":"node:internal/modules/cjs/loader","function":"Module._resolveFilename","line":1090,"method":"_resolveFilename","native":false},{"column":29,"file":"/Users/huangyiling/Github/cinek/pj-express/node_modules/module-alias/index.js","function":"Module._resolveFilename","line":49,"method":"_resolveFilename","native":false},{"column":27,"file":"node:internal/modules/cjs/loader","function":"Module._load","line":934,"method":"_load","native":false},{"column":19,"file":"node:internal/modules/cjs/loader","function":"Module.require","line":1157,"method":"require","native":false},{"column":18,"file":"node:internal/modules/helpers","function":"require","line":119,"method":null,"native":false},{"column":20,"file":"/Users/huangyiling/Github/cinek/pj-express/build/connection/mongoDB.js","function":null,"line":4,"method":null,"native":false},{"column":14,"file":"node:internal/modules/cjs/loader","function":"Module._compile","line":1275,"method":"_compile","native":false},{"column":10,"file":"node:internal/modules/cjs/loader","function":"Module._extensions..js","line":1329,"method":".js","native":false},{"column":32,"file":"node:internal/modules/cjs/loader","function":"Module.load","line":1133,"method":"load","native":false},{"column":12,"file":"node:internal/modules/cjs/loader","function":"Module._load","line":972,"method":"_load","native":false}]}
error: uncaughtException: Cannot find module './config/settings'
Require stack:
- /Users/huangyiling/Github/cinek/pj-express/build/connection/mongoDB.js
- /Users/huangyiling/Github/cinek/pj-express/build/index.js
Error: Cannot find module './config/settings'
Require stack:
- /Users/huangyiling/Github/cinek/pj-express/build/connection/mongoDB.js
- /Users/huangyiling/Github/cinek/pj-express/build/index.js
    at Module._resolveFilename (node:internal/modules/cjs/loader:1090:15)
    at Module._resolveFilename (/Users/huangyiling/Github/cinek/pj-express/node_modules/module-alias/index.js:49:29)
    at Module._load (node:internal/modules/cjs/loader:934:27)
    at Module.require (node:internal/modules/cjs/loader:1157:19)
    at require (node:internal/modules/helpers:119:18)
    at Object.<anonymous> (/Users/huangyiling/Github/cinek/pj-express/build/connection/mongoDB.js:4:20)
    at Module._compile (node:internal/modules/cjs/loader:1275:14)
    at Module._extensions..js (node:internal/modules/cjs/loader:1329:10)
    at Module.load (node:internal/modules/cjs/loader:1133:32)
    at Module._load (node:internal/modules/cjs/loader:972:12) {"date":"Wed Apr 26 2023 00:02:56 GMT+0800 (Taipei Standard Time)","error":{"code":"MODULE_NOT_FOUND","requireStack":["/Users/huangyiling/Github/cinek/pj-express/build/connection/mongoDB.js","/Users/huangyiling/Github/cinek/pj-express/build/index.js"]},"exception":true,"os":{"loadavg":[6.76171875,5.99609375,6.232421875],"uptime":1419317},"process":{"argv":["/Users/huangyiling/Github/cinek/pj-express/node_modules/node/bin/node","/Users/huangyiling/Github/cinek/pj-express/build/index"],"cwd":"/Users/huangyiling/Github/cinek/pj-express","execPath":"/Users/huangyiling/Github/cinek/pj-express/node_modules/node/bin/node","gid":20,"memoryUsage":{"arrayBuffers":19324891,"external":20466566,"heapTotal":35020800,"heapUsed":25473248,"rss":75214848},"pid":99310,"uid":501,"version":"v19.8.1"},"stack":"Error: Cannot find module './config/settings'\nRequire stack:\n- /Users/huangyiling/Github/cinek/pj-express/build/connection/mongoDB.js\n- /Users/huangyiling/Github/cinek/pj-express/build/index.js\n    at Module._resolveFilename (node:internal/modules/cjs/loader:1090:15)\n    at Module._resolveFilename (/Users/huangyiling/Github/cinek/pj-express/node_modules/module-alias/index.js:49:29)\n    at Module._load (node:internal/modules/cjs/loader:934:27)\n    at Module.require (node:internal/modules/cjs/loader:1157:19)\n    at require (node:internal/modules/helpers:119:18)\n    at Object.<anonymous> (/Users/huangyiling/Github/cinek/pj-express/build/connection/mongoDB.js:4:20)\n    at Module._compile (node:internal/modules/cjs/loader:1275:14)\n    at Module._extensions..js (node:internal/modules/cjs/loader:1329:10)\n    at Module.load (node:internal/modules/cjs/loader:1133:32)\n    at Module._load (node:internal/modules/cjs/loader:972:12)","timestamp":"2023-04-25T16:02:57.003Z","trace":[{"column":15,"file":"node:internal/modules/cjs/loader","function":"Module._resolveFilename","line":1090,"method":"_resolveFilename","native":false},{"column":29,"file":"/Users/huangyiling/Github/cinek/pj-express/node_modules/module-alias/index.js","function":"Module._resolveFilename","line":49,"method":"_resolveFilename","native":false},{"column":27,"file":"node:internal/modules/cjs/loader","function":"Module._load","line":934,"method":"_load","native":false},{"column":19,"file":"node:internal/modules/cjs/loader","function":"Module.require","line":1157,"method":"require","native":false},{"column":18,"file":"node:internal/modules/helpers","function":"require","line":119,"method":null,"native":false},{"column":20,"file":"/Users/huangyiling/Github/cinek/pj-express/build/connection/mongoDB.js","function":null,"line":4,"method":null,"native":false},{"column":14,"file":"node:internal/modules/cjs/loader","function":"Module._compile","line":1275,"method":"_compile","native":false},{"column":10,"file":"node:internal/modules/cjs/loader","function":"Module._extensions..js","line":1329,"method":".js","native":false},{"column":32,"file":"node:internal/modules/cjs/loader","function":"Module.load","line":1133,"method":"load","native":false},{"column":12,"file":"node:internal/modules/cjs/loader","function":"Module._load","line":972,"method":"_load","native":false}]}
error: uncaughtException: settings_1.settings.DB.URI is not a function
TypeError: settings_1.settings.DB.URI is not a function
    at Object.<anonymous> (/Users/huangyiling/Github/cinek/pj-express/build/connection/mongoDB.js:8:39)
    at Module._compile (node:internal/modules/cjs/loader:1275:14)
    at Module._extensions..js (node:internal/modules/cjs/loader:1329:10)
    at Module.load (node:internal/modules/cjs/loader:1133:32)
    at Module._load (node:internal/modules/cjs/loader:972:12)
    at Module.require (node:internal/modules/cjs/loader:1157:19)
    at require (node:internal/modules/helpers:119:18)
    at Object.<anonymous> (/Users/huangyiling/Github/cinek/pj-express/build/index.js:18:1)
    at Module._compile (node:internal/modules/cjs/loader:1275:14)
    at Module._extensions..js (node:internal/modules/cjs/loader:1329:10) {"date":"Wed Apr 26 2023 00:21:41 GMT+0800 (Taipei Standard Time)","error":{},"exception":true,"os":{"loadavg":[5.28662109375,5.4921875,5.828125],"uptime":1420441},"process":{"argv":["/Users/huangyiling/Github/cinek/pj-express/node_modules/node/bin/node","/Users/huangyiling/Github/cinek/pj-express/build/index"],"cwd":"/Users/huangyiling/Github/cinek/pj-express","execPath":"/Users/huangyiling/Github/cinek/pj-express/node_modules/node/bin/node","gid":20,"memoryUsage":{"arrayBuffers":18808013,"external":19949688,"heapTotal":35807232,"heapUsed":22874576,"rss":71950336},"pid":1724,"uid":501,"version":"v19.8.1"},"stack":"TypeError: settings_1.settings.DB.URI is not a function\n    at Object.<anonymous> (/Users/huangyiling/Github/cinek/pj-express/build/connection/mongoDB.js:8:39)\n    at Module._compile (node:internal/modules/cjs/loader:1275:14)\n    at Module._extensions..js (node:internal/modules/cjs/loader:1329:10)\n    at Module.load (node:internal/modules/cjs/loader:1133:32)\n    at Module._load (node:internal/modules/cjs/loader:972:12)\n    at Module.require (node:internal/modules/cjs/loader:1157:19)\n    at require (node:internal/modules/helpers:119:18)\n    at Object.<anonymous> (/Users/huangyiling/Github/cinek/pj-express/build/index.js:18:1)\n    at Module._compile (node:internal/modules/cjs/loader:1275:14)\n    at Module._extensions..js (node:internal/modules/cjs/loader:1329:10)","timestamp":"2023-04-25T16:21:41.954Z","trace":[{"column":39,"file":"/Users/huangyiling/Github/cinek/pj-express/build/connection/mongoDB.js","function":null,"line":8,"method":null,"native":false},{"column":14,"file":"node:internal/modules/cjs/loader","function":"Module._compile","line":1275,"method":"_compile","native":false},{"column":10,"file":"node:internal/modules/cjs/loader","function":"Module._extensions..js","line":1329,"method":".js","native":false},{"column":32,"file":"node:internal/modules/cjs/loader","function":"Module.load","line":1133,"method":"load","native":false},{"column":12,"file":"node:internal/modules/cjs/loader","function":"Module._load","line":972,"method":"_load","native":false},{"column":19,"file":"node:internal/modules/cjs/loader","function":"Module.require","line":1157,"method":"require","native":false},{"column":18,"file":"node:internal/modules/helpers","function":"require","line":119,"method":null,"native":false},{"column":1,"file":"/Users/huangyiling/Github/cinek/pj-express/build/index.js","function":null,"line":18,"method":null,"native":false},{"column":14,"file":"node:internal/modules/cjs/loader","function":"Module._compile","line":1275,"method":"_compile","native":false},{"column":10,"file":"node:internal/modules/cjs/loader","function":"Module._extensions..js","line":1329,"method":".js","native":false}]}
